2013-04-24 04:26:00 Notice: Notice (8): Indirect modification of overloaded property UsersController::$data has no effect in [/home/proartis/public_html/web/app/Controller/UsersController.php, line 39]
Trace:
UsersController::add() - APP/Controller/UsersController.php, line 39
ReflectionMethod::invokeArgs() - [internal], line ??
Controller::invokeAction() - CORE/Cake/Controller/Controller.php, line 485
Dispatcher::_invoke() - CORE/Cake/Routing/Dispatcher.php, line 186
Dispatcher::dispatch() - CORE/Cake/Routing/Dispatcher.php, line 161
[main] - APP/webroot/index.php, line 97

2013-04-24 04:26:01 Notice: Notice (8): Indirect modification of overloaded property UsersController::$data has no effect in [/home/proartis/public_html/web/app/Controller/UsersController.php, line 39]
Trace:
UsersController::add() - APP/Controller/UsersController.php, line 39
ReflectionMethod::invokeArgs() - [internal], line ??
Controller::invokeAction() - CORE/Cake/Controller/Controller.php, line 485
Dispatcher::_invoke() - CORE/Cake/Routing/Dispatcher.php, line 186
Dispatcher::dispatch() - CORE/Cake/Routing/Dispatcher.php, line 161
[main] - APP/webroot/index.php, line 97

2013-04-24 04:26:09 Notice: Notice (8): Indirect modification of overloaded property UsersController::$data has no effect in [/home/proartis/public_html/web/app/Controller/UsersController.php, line 39]
Trace:
UsersController::add() - APP/Controller/UsersController.php, line 39
ReflectionMethod::invokeArgs() - [internal], line ??
Controller::invokeAction() - CORE/Cake/Controller/Controller.php, line 485
Dispatcher::_invoke() - CORE/Cake/Routing/Dispatcher.php, line 186
Dispatcher::dispatch() - CORE/Cake/Routing/Dispatcher.php, line 161
[main] - APP/webroot/index.php, line 97

2013-04-24 04:26:14 Notice: Notice (8): Indirect modification of overloaded property UsersController::$data has no effect in [/home/proartis/public_html/web/app/Controller/UsersController.php, line 39]
Trace:
UsersController::add() - APP/Controller/UsersController.php, line 39
ReflectionMethod::invokeArgs() - [internal], line ??
Controller::invokeAction() - CORE/Cake/Controller/Controller.php, line 485
Dispatcher::_invoke() - CORE/Cake/Routing/Dispatcher.php, line 186
Dispatcher::dispatch() - CORE/Cake/Routing/Dispatcher.php, line 161
[main] - APP/webroot/index.php, line 97

2013-04-24 05:10:24 Notice: Notice (8): Undefined variable: item_id in [/home/proartis/public_html/web/app/Controller/ImagenesController.php, line 15]
Trace:
ImagenesController::editar() - APP/Controller/ImagenesController.php, line 15
ReflectionMethod::invokeArgs() - [internal], line ??
Controller::invokeAction() - CORE/Cake/Controller/Controller.php, line 485
Dispatcher::_invoke() - CORE/Cake/Routing/Dispatcher.php, line 186
Dispatcher::dispatch() - CORE/Cake/Routing/Dispatcher.php, line 161
[main] - APP/webroot/index.php, line 97

2013-04-24 05:10:25 Notice: Notice (8): Undefined variable: item_id in [/home/proartis/public_html/web/app/View/Imagenes/editar.ctp, line 18]
Trace:
include - APP/View/Imagenes/editar.ctp, line 18
View::_evaluate() - CORE/Cake/View/View.php, line 947
View::_render() - CORE/Cake/View/View.php, line 909
View::render() - CORE/Cake/View/View.php, line 470
Controller::render() - CORE/Cake/Controller/Controller.php, line 947
Dispatcher::_invoke() - CORE/Cake/Routing/Dispatcher.php, line 193
Dispatcher::dispatch() - CORE/Cake/Routing/Dispatcher.php, line 161
[main] - APP/webroot/index.php, line 97

2013-04-24 05:12:13 Notice: Notice (8): Undefined variable: item_id in [/home/proartis/public_html/web/app/Controller/ImagenesController.php, line 15]
Trace:
ImagenesController::editar() - APP/Controller/ImagenesController.php, line 15
ReflectionMethod::invokeArgs() - [internal], line ??
Controller::invokeAction() - CORE/Cake/Controller/Controller.php, line 485
Dispatcher::_invoke() - CORE/Cake/Routing/Dispatcher.php, line 186
Dispatcher::dispatch() - CORE/Cake/Routing/Dispatcher.php, line 161
[main] - APP/webroot/index.php, line 97

2013-04-24 05:12:14 Notice: Notice (8): Undefined variable: item_id in [/home/proartis/public_html/web/app/View/Imagenes/editar.ctp, line 18]
Trace:
include - APP/View/Imagenes/editar.ctp, line 18
View::_evaluate() - CORE/Cake/View/View.php, line 947
View::_render() - CORE/Cake/View/View.php, line 909
View::render() - CORE/Cake/View/View.php, line 470
Controller::render() - CORE/Cake/Controller/Controller.php, line 947
Dispatcher::_invoke() - CORE/Cake/Routing/Dispatcher.php, line 193
Dispatcher::dispatch() - CORE/Cake/Routing/Dispatcher.php, line 161
[main] - APP/webroot/index.php, line 97

2013-04-26 23:44:17 Notice: Notice (8): Undefined variable: item_id in [/home/proartis/public_html/web/app/Controller/ImagenesController.php, line 15]
Trace:
ImagenesController::editar() - APP/Controller/ImagenesController.php, line 15
ReflectionMethod::invokeArgs() - [internal], line ??
Controller::invokeAction() - CORE/Cake/Controller/Controller.php, line 485
Dispatcher::_invoke() - CORE/Cake/Routing/Dispatcher.php, line 186
Dispatcher::dispatch() - CORE/Cake/Routing/Dispatcher.php, line 161
[main] - APP/webroot/index.php, line 97

2013-04-26 23:44:17 Notice: Notice (8): Undefined variable: item_id in [/home/proartis/public_html/web/app/View/Imagenes/editar.ctp, line 18]
Trace:
include - APP/View/Imagenes/editar.ctp, line 18
View::_evaluate() - CORE/Cake/View/View.php, line 947
View::_render() - CORE/Cake/View/View.php, line 909
View::render() - CORE/Cake/View/View.php, line 470
Controller::render() - CORE/Cake/Controller/Controller.php, line 947
Dispatcher::_invoke() - CORE/Cake/Routing/Dispatcher.php, line 193
Dispatcher::dispatch() - CORE/Cake/Routing/Dispatcher.php, line 161
[main] - APP/webroot/index.php, line 97

2013-04-27 17:21:51 Notice: Notice (8): Use of undefined constant debug - assumed 'debug' in [/home/proartis/public_html/web/app/Controller/ItemsController.php, line 59]
Trace:
ItemsController::editar() - APP/Controller/ItemsController.php, line 59
ReflectionMethod::invokeArgs() - [internal], line ??
Controller::invokeAction() - CORE/Cake/Controller/Controller.php, line 485
Dispatcher::_invoke() - CORE/Cake/Routing/Dispatcher.php, line 186
Dispatcher::dispatch() - CORE/Cake/Routing/Dispatcher.php, line 161
[main] - APP/webroot/index.php, line 97

2013-04-27 19:35:06 Notice: Notice (8): Undefined variable: item_id in [/home/proartis/public_html/web/app/Controller/ImagenesController.php, line 15]
Trace:
ImagenesController::editar() - APP/Controller/ImagenesController.php, line 15
ReflectionMethod::invokeArgs() - [internal], line ??
Controller::invokeAction() - CORE/Cake/Controller/Controller.php, line 485
Dispatcher::_invoke() - CORE/Cake/Routing/Dispatcher.php, line 186
Dispatcher::dispatch() - CORE/Cake/Routing/Dispatcher.php, line 161
[main] - APP/webroot/index.php, line 97

2013-04-27 19:35:06 Notice: Notice (8): Undefined variable: item_id in [/home/proartis/public_html/web/app/View/Imagenes/editar.ctp, line 18]
Trace:
include - APP/View/Imagenes/editar.ctp, line 18
View::_evaluate() - CORE/Cake/View/View.php, line 947
View::_render() - CORE/Cake/View/View.php, line 909
View::render() - CORE/Cake/View/View.php, line 470
Controller::render() - CORE/Cake/Controller/Controller.php, line 947
Dispatcher::_invoke() - CORE/Cake/Routing/Dispatcher.php, line 193
Dispatcher::dispatch() - CORE/Cake/Routing/Dispatcher.php, line 161
[main] - APP/webroot/index.php, line 97

2013-04-29 00:13:22 Notice: Notice (8): Undefined index:  User in [/home/proartis/public_html/web/app/Controller/UsersController.php, line 15]
Trace:
UsersController::login() - APP/Controller/UsersController.php, line 15
ReflectionMethod::invokeArgs() - [internal], line ??
Controller::invokeAction() - CORE/Cake/Controller/Controller.php, line 485
Dispatcher::_invoke() - CORE/Cake/Routing/Dispatcher.php, line 186
Dispatcher::dispatch() - CORE/Cake/Routing/Dispatcher.php, line 161
[main] - APP/webroot/index.php, line 97

2013-04-29 00:19:44 Notice: Notice (8): Undefined index:  clave in [/home/proartis/public_html/web/app/Controller/UsersController.php, line 110]
Trace:
UsersController::validacion_registro() - APP/Controller/UsersController.php, line 110
ReflectionMethod::invokeArgs() - [internal], line ??
Controller::invokeAction() - CORE/Cake/Controller/Controller.php, line 485
Dispatcher::_invoke() - CORE/Cake/Routing/Dispatcher.php, line 186
Dispatcher::dispatch() - CORE/Cake/Routing/Dispatcher.php, line 161
[main] - APP/webroot/index.php, line 97

2013-04-29 00:19:45 Notice: Notice (8): Undefined index:  User in [/home/proartis/public_html/web/app/Controller/UsersController.php, line 15]
Trace:
UsersController::login() - APP/Controller/UsersController.php, line 15
ReflectionMethod::invokeArgs() - [internal], line ??
Controller::invokeAction() - CORE/Cake/Controller/Controller.php, line 485
Dispatcher::_invoke() - CORE/Cake/Routing/Dispatcher.php, line 186
Dispatcher::dispatch() - CORE/Cake/Routing/Dispatcher.php, line 161
[main] - APP/webroot/index.php, line 97

2013-04-29 00:34:43 Notice: Notice (8): Undefined index:  User in [/home/proartis/public_html/web/app/Controller/UsersController.php, line 15]
Trace:
UsersController::login() - APP/Controller/UsersController.php, line 15
ReflectionMethod::invokeArgs() - [internal], line ??
Controller::invokeAction() - CORE/Cake/Controller/Controller.php, line 485
Dispatcher::_invoke() - CORE/Cake/Routing/Dispatcher.php, line 186
Dispatcher::dispatch() - CORE/Cake/Routing/Dispatcher.php, line 161
[main] - APP/webroot/index.php, line 97

2013-04-29 00:45:41 Notice: Notice (8): Undefined variable: datos_usuario in [/home/proartis/public_html/web/app/View/Items/editar.ctp, line 16]
Trace:
include - APP/View/Items/editar.ctp, line 16
View::_evaluate() - CORE/Cake/View/View.php, line 947
View::_render() - CORE/Cake/View/View.php, line 909
View::render() - CORE/Cake/View/View.php, line 470
Controller::render() - CORE/Cake/Controller/Controller.php, line 947
Dispatcher::_invoke() - CORE/Cake/Routing/Dispatcher.php, line 193
Dispatcher::dispatch() - CORE/Cake/Routing/Dispatcher.php, line 161
[main] - APP/webroot/index.php, line 97

2013-04-29 00:45:41 Notice: Notice (8): Undefined variable: datos_usuario in [/home/proartis/public_html/web/app/View/Items/editar.ctp, line 37]
Trace:
include - APP/View/Items/editar.ctp, line 37
View::_evaluate() - CORE/Cake/View/View.php, line 947
View::_render() - CORE/Cake/View/View.php, line 909
View::render() - CORE/Cake/View/View.php, line 470
Controller::render() - CORE/Cake/Controller/Controller.php, line 947
Dispatcher::_invoke() - CORE/Cake/Routing/Dispatcher.php, line 193
Dispatcher::dispatch() - CORE/Cake/Routing/Dispatcher.php, line 161
[main] - APP/webroot/index.php, line 97

2013-04-29 00:45:41 Notice: Notice (8): Undefined variable: datos_usuario in [/home/proartis/public_html/web/app/View/Items/editar.ctp, line 43]
Trace:
include - APP/View/Items/editar.ctp, line 43
View::_evaluate() - CORE/Cake/View/View.php, line 947
View::_render() - CORE/Cake/View/View.php, line 909
View::render() - CORE/Cake/View/View.php, line 470
Controller::render() - CORE/Cake/Controller/Controller.php, line 947
Dispatcher::_invoke() - CORE/Cake/Routing/Dispatcher.php, line 193
Dispatcher::dispatch() - CORE/Cake/Routing/Dispatcher.php, line 161
[main] - APP/webroot/index.php, line 97

2013-04-29 00:45:58 Notice: Notice (8): Undefined variable: datos_usuario in [/home/proartis/public_html/web/app/View/Items/editar.ctp, line 16]
Trace:
include - APP/View/Items/editar.ctp, line 16
View::_evaluate() - CORE/Cake/View/View.php, line 947
View::_render() - CORE/Cake/View/View.php, line 909
View::render() - CORE/Cake/View/View.php, line 470
Controller::render() - CORE/Cake/Controller/Controller.php, line 947
Dispatcher::_invoke() - CORE/Cake/Routing/Dispatcher.php, line 193
Dispatcher::dispatch() - CORE/Cake/Routing/Dispatcher.php, line 161
[main] - APP/webroot/index.php, line 97

2013-04-29 00:45:58 Notice: Notice (8): Undefined variable: datos_usuario in [/home/proartis/public_html/web/app/View/Items/editar.ctp, line 37]
Trace:
include - APP/View/Items/editar.ctp, line 37
View::_evaluate() - CORE/Cake/View/View.php, line 947
View::_render() - CORE/Cake/View/View.php, line 909
View::render() - CORE/Cake/View/View.php, line 470
Controller::render() - CORE/Cake/Controller/Controller.php, line 947
Dispatcher::_invoke() - CORE/Cake/Routing/Dispatcher.php, line 193
Dispatcher::dispatch() - CORE/Cake/Routing/Dispatcher.php, line 161
[main] - APP/webroot/index.php, line 97

2013-04-29 00:45:58 Notice: Notice (8): Undefined variable: datos_usuario in [/home/proartis/public_html/web/app/View/Items/editar.ctp, line 43]
Trace:
include - APP/View/Items/editar.ctp, line 43
View::_evaluate() - CORE/Cake/View/View.php, line 947
View::_render() - CORE/Cake/View/View.php, line 909
View::render() - CORE/Cake/View/View.php, line 470
Controller::render() - CORE/Cake/Controller/Controller.php, line 947
Dispatcher::_invoke() - CORE/Cake/Routing/Dispatcher.php, line 193
Dispatcher::dispatch() - CORE/Cake/Routing/Dispatcher.php, line 161
[main] - APP/webroot/index.php, line 97

2013-04-29 00:48:17 Notice: Notice (8): Undefined variable: datos_usuario in [/home/proartis/public_html/web/app/View/Items/editar.ctp, line 6]
Trace:
include - APP/View/Items/editar.ctp, line 6
View::_evaluate() - CORE/Cake/View/View.php, line 947
View::_render() - CORE/Cake/View/View.php, line 909
View::render() - CORE/Cake/View/View.php, line 470
Controller::render() - CORE/Cake/Controller/Controller.php, line 947
Dispatcher::_invoke() - CORE/Cake/Routing/Dispatcher.php, line 193
Dispatcher::dispatch() - CORE/Cake/Routing/Dispatcher.php, line 161
[main] - APP/webroot/index.php, line 97

2013-04-29 00:48:17 Notice: Notice (8): Undefined variable: datos_usuario in [/home/proartis/public_html/web/app/View/Items/editar.ctp, line 18]
Trace:
include - APP/View/Items/editar.ctp, line 18
View::_evaluate() - CORE/Cake/View/View.php, line 947
View::_render() - CORE/Cake/View/View.php, line 909
View::render() - CORE/Cake/View/View.php, line 470
Controller::render() - CORE/Cake/Controller/Controller.php, line 947
Dispatcher::_invoke() - CORE/Cake/Routing/Dispatcher.php, line 193
Dispatcher::dispatch() - CORE/Cake/Routing/Dispatcher.php, line 161
[main] - APP/webroot/index.php, line 97

2013-04-29 00:48:17 Notice: Notice (8): Undefined variable: datos_usuario in [/home/proartis/public_html/web/app/View/Items/editar.ctp, line 39]
Trace:
include - APP/View/Items/editar.ctp, line 39
View::_evaluate() - CORE/Cake/View/View.php, line 947
View::_render() - CORE/Cake/View/View.php, line 909
View::render() - CORE/Cake/View/View.php, line 470
Controller::render() - CORE/Cake/Controller/Controller.php, line 947
Dispatcher::_invoke() - CORE/Cake/Routing/Dispatcher.php, line 193
Dispatcher::dispatch() - CORE/Cake/Routing/Dispatcher.php, line 161
[main] - APP/webroot/index.php, line 97

2013-04-29 00:48:17 Notice: Notice (8): Undefined variable: datos_usuario in [/home/proartis/public_html/web/app/View/Items/editar.ctp, line 45]
Trace:
include - APP/View/Items/editar.ctp, line 45
View::_evaluate() - CORE/Cake/View/View.php, line 947
View::_render() - CORE/Cake/View/View.php, line 909
View::render() - CORE/Cake/View/View.php, line 470
Controller::render() - CORE/Cake/Controller/Controller.php, line 947
Dispatcher::_invoke() - CORE/Cake/Routing/Dispatcher.php, line 193
Dispatcher::dispatch() - CORE/Cake/Routing/Dispatcher.php, line 161
[main] - APP/webroot/index.php, line 97

2013-04-30 04:43:04 Notice: Notice (8): Undefined variable: i in [/home/proartis/public_html/web/app/View/Imagenes/editar.ctp, line 21]
Trace:
include - APP/View/Imagenes/editar.ctp, line 21
View::_evaluate() - CORE/Cake/View/View.php, line 947
View::_render() - CORE/Cake/View/View.php, line 909
View::render() - CORE/Cake/View/View.php, line 470
Controller::render() - CORE/Cake/Controller/Controller.php, line 947
Dispatcher::_invoke() - CORE/Cake/Routing/Dispatcher.php, line 193
Dispatcher::dispatch() - CORE/Cake/Routing/Dispatcher.php, line 161
[main] - APP/webroot/index.php, line 97

2013-04-30 04:44:01 Notice: Notice (8): Undefined variable: i in [/home/proartis/public_html/web/app/View/Imagenes/editar.ctp, line 21]
Trace:
include - APP/View/Imagenes/editar.ctp, line 21
View::_evaluate() - CORE/Cake/View/View.php, line 947
View::_render() - CORE/Cake/View/View.php, line 909
View::render() - CORE/Cake/View/View.php, line 470
Controller::render() - CORE/Cake/Controller/Controller.php, line 947
Dispatcher::_invoke() - CORE/Cake/Routing/Dispatcher.php, line 193
Dispatcher::dispatch() - CORE/Cake/Routing/Dispatcher.php, line 161
[main] - APP/webroot/index.php, line 97

2013-04-30 04:44:08 Notice: Notice (8): Undefined variable: i in [/home/proartis/public_html/web/app/View/Imagenes/editar.ctp, line 23]
Trace:
include - APP/View/Imagenes/editar.ctp, line 23
View::_evaluate() - CORE/Cake/View/View.php, line 947
View::_render() - CORE/Cake/View/View.php, line 909
View::render() - CORE/Cake/View/View.php, line 470
Controller::render() - CORE/Cake/Controller/Controller.php, line 947
Dispatcher::_invoke() - CORE/Cake/Routing/Dispatcher.php, line 193
Dispatcher::dispatch() - CORE/Cake/Routing/Dispatcher.php, line 161
[main] - APP/webroot/index.php, line 97

2013-04-30 04:44:49 Notice: Notice (8): Undefined variable: i in [/home/proartis/public_html/web/app/View/Imagenes/editar.ctp, line 23]
Trace:
include - APP/View/Imagenes/editar.ctp, line 23
View::_evaluate() - CORE/Cake/View/View.php, line 947
View::_render() - CORE/Cake/View/View.php, line 909
View::render() - CORE/Cake/View/View.php, line 470
Controller::render() - CORE/Cake/Controller/Controller.php, line 947
Dispatcher::_invoke() - CORE/Cake/Routing/Dispatcher.php, line 193
Dispatcher::dispatch() - CORE/Cake/Routing/Dispatcher.php, line 161
[main] - APP/webroot/index.php, line 97

2013-04-30 04:45:15 Notice: Notice (8): Undefined variable: i in [/home/proartis/public_html/web/app/View/Imagenes/editar.ctp, line 21]
Trace:
include - APP/View/Imagenes/editar.ctp, line 21
View::_evaluate() - CORE/Cake/View/View.php, line 947
View::_render() - CORE/Cake/View/View.php, line 909
View::render() - CORE/Cake/View/View.php, line 470
Controller::render() - CORE/Cake/Controller/Controller.php, line 947
Dispatcher::_invoke() - CORE/Cake/Routing/Dispatcher.php, line 193
Dispatcher::dispatch() - CORE/Cake/Routing/Dispatcher.php, line 161
[main] - APP/webroot/index.php, line 97

2013-04-30 04:47:42 Notice: Notice (8): Undefined variable: i in [/home/proartis/public_html/web/app/View/Imagenes/editar.ctp, line 21]
Trace:
include - APP/View/Imagenes/editar.ctp, line 21
View::_evaluate() - CORE/Cake/View/View.php, line 947
View::_render() - CORE/Cake/View/View.php, line 909
View::render() - CORE/Cake/View/View.php, line 470
Controller::render() - CORE/Cake/Controller/Controller.php, line 947
Dispatcher::_invoke() - CORE/Cake/Routing/Dispatcher.php, line 193
Dispatcher::dispatch() - CORE/Cake/Routing/Dispatcher.php, line 161
[main] - APP/webroot/index.php, line 97

2013-04-30 04:47:56 Notice: Notice (8): Undefined variable: i in [/home/proartis/public_html/web/app/View/Imagenes/editar.ctp, line 27]
Trace:
include - APP/View/Imagenes/editar.ctp, line 27
View::_evaluate() - CORE/Cake/View/View.php, line 947
View::_render() - CORE/Cake/View/View.php, line 909
View::render() - CORE/Cake/View/View.php, line 470
Controller::render() - CORE/Cake/Controller/Controller.php, line 947
Dispatcher::_invoke() - CORE/Cake/Routing/Dispatcher.php, line 193
Dispatcher::dispatch() - CORE/Cake/Routing/Dispatcher.php, line 161
[main] - APP/webroot/index.php, line 97

2013-04-30 04:50:25 Notice: Notice (8): Undefined variable: i in [/home/proartis/public_html/web/app/View/Imagenes/editar.ctp, line 27]
Trace:
include - APP/View/Imagenes/editar.ctp, line 27
View::_evaluate() - CORE/Cake/View/View.php, line 947
View::_render() - CORE/Cake/View/View.php, line 909
View::render() - CORE/Cake/View/View.php, line 470
Controller::render() - CORE/Cake/Controller/Controller.php, line 947
Dispatcher::_invoke() - CORE/Cake/Routing/Dispatcher.php, line 193
Dispatcher::dispatch() - CORE/Cake/Routing/Dispatcher.php, line 161
[main] - APP/webroot/index.php, line 97

2013-04-30 05:33:42 Notice: Notice (8): Undefined index:  Item in [/home/proartis/public_html/web/app/Controller/ImagenesController.php, line 26]
Trace:
ImagenesController::editar() - APP/Controller/ImagenesController.php, line 26
ReflectionMethod::invokeArgs() - [internal], line ??
Controller::invokeAction() - CORE/Cake/Controller/Controller.php, line 485
Dispatcher::_invoke() - CORE/Cake/Routing/Dispatcher.php, line 186
Dispatcher::dispatch() - CORE/Cake/Routing/Dispatcher.php, line 161
[main] - APP/webroot/index.php, line 97

2013-04-30 05:33:42 Notice: Notice (8): Indirect modification of overloaded property ImagenesController::$data has no effect in [/home/proartis/public_html/web/app/Controller/ImagenesController.php, line 26]
Trace:
ImagenesController::editar() - APP/Controller/ImagenesController.php, line 26
ReflectionMethod::invokeArgs() - [internal], line ??
Controller::invokeAction() - CORE/Cake/Controller/Controller.php, line 485
Dispatcher::_invoke() - CORE/Cake/Routing/Dispatcher.php, line 186
Dispatcher::dispatch() - CORE/Cake/Routing/Dispatcher.php, line 161
[main] - APP/webroot/index.php, line 97

2013-04-30 05:37:49 Notice: Notice (8): Undefined index:  Item in [/home/proartis/public_html/web/app/Controller/ImagenesController.php, line 26]
Trace:
ImagenesController::editar() - APP/Controller/ImagenesController.php, line 26
ReflectionMethod::invokeArgs() - [internal], line ??
Controller::invokeAction() - CORE/Cake/Controller/Controller.php, line 485
Dispatcher::_invoke() - CORE/Cake/Routing/Dispatcher.php, line 186
Dispatcher::dispatch() - CORE/Cake/Routing/Dispatcher.php, line 161
[main] - APP/webroot/index.php, line 97

2013-04-30 05:37:49 Notice: Notice (8): Indirect modification of overloaded property ImagenesController::$data has no effect in [/home/proartis/public_html/web/app/Controller/ImagenesController.php, line 26]
Trace:
ImagenesController::editar() - APP/Controller/ImagenesController.php, line 26
ReflectionMethod::invokeArgs() - [internal], line ??
Controller::invokeAction() - CORE/Cake/Controller/Controller.php, line 485
Dispatcher::_invoke() - CORE/Cake/Routing/Dispatcher.php, line 186
Dispatcher::dispatch() - CORE/Cake/Routing/Dispatcher.php, line 161
[main] - APP/webroot/index.php, line 97

2013-04-30 05:38:16 Notice: Notice (8): Undefined index:  Item in [/home/proartis/public_html/web/app/Controller/ImagenesController.php, line 26]
Trace:
ImagenesController::editar() - APP/Controller/ImagenesController.php, line 26
ReflectionMethod::invokeArgs() - [internal], line ??
Controller::invokeAction() - CORE/Cake/Controller/Controller.php, line 485
Dispatcher::_invoke() - CORE/Cake/Routing/Dispatcher.php, line 186
Dispatcher::dispatch() - CORE/Cake/Routing/Dispatcher.php, line 161
[main] - APP/webroot/index.php, line 97

2013-04-30 05:38:16 Notice: Notice (8): Indirect modification of overloaded property ImagenesController::$data has no effect in [/home/proartis/public_html/web/app/Controller/ImagenesController.php, line 26]
Trace:
ImagenesController::editar() - APP/Controller/ImagenesController.php, line 26
ReflectionMethod::invokeArgs() - [internal], line ??
Controller::invokeAction() - CORE/Cake/Controller/Controller.php, line 485
Dispatcher::_invoke() - CORE/Cake/Routing/Dispatcher.php, line 186
Dispatcher::dispatch() - CORE/Cake/Routing/Dispatcher.php, line 161
[main] - APP/webroot/index.php, line 97

2013-04-30 05:38:27 Notice: Notice (8): Undefined index:  Item in [/home/proartis/public_html/web/app/Controller/ImagenesController.php, line 26]
Trace:
ImagenesController::editar() - APP/Controller/ImagenesController.php, line 26
ReflectionMethod::invokeArgs() - [internal], line ??
Controller::invokeAction() - CORE/Cake/Controller/Controller.php, line 485
Dispatcher::_invoke() - CORE/Cake/Routing/Dispatcher.php, line 186
Dispatcher::dispatch() - CORE/Cake/Routing/Dispatcher.php, line 161
[main] - APP/webroot/index.php, line 97

2013-04-30 05:38:27 Notice: Notice (8): Indirect modification of overloaded property ImagenesController::$data has no effect in [/home/proartis/public_html/web/app/Controller/ImagenesController.php, line 26]
Trace:
ImagenesController::editar() - APP/Controller/ImagenesController.php, line 26
ReflectionMethod::invokeArgs() - [internal], line ??
Controller::invokeAction() - CORE/Cake/Controller/Controller.php, line 485
Dispatcher::_invoke() - CORE/Cake/Routing/Dispatcher.php, line 186
Dispatcher::dispatch() - CORE/Cake/Routing/Dispatcher.php, line 161
[main] - APP/webroot/index.php, line 97

2013-05-01 02:41:07 Notice: Notice (8): Undefined variable: item_id in [/home/proartis/public_html/web/app/Controller/ImagenesController.php, line 23]
Trace:
ImagenesController::editar() - APP/Controller/ImagenesController.php, line 23
ReflectionMethod::invokeArgs() - [internal], line ??
Controller::invokeAction() - CORE/Cake/Controller/Controller.php, line 485
Dispatcher::_invoke() - CORE/Cake/Routing/Dispatcher.php, line 186
Dispatcher::dispatch() - CORE/Cake/Routing/Dispatcher.php, line 161
[main] - APP/webroot/index.php, line 97

2013-05-01 02:41:07 Notice: Notice (8): Undefined variable: item_id in [/home/proartis/public_html/web/app/Controller/ImagenesController.php, line 26]
Trace:
ImagenesController::editar() - APP/Controller/ImagenesController.php, line 26
ReflectionMethod::invokeArgs() - [internal], line ??
Controller::invokeAction() - CORE/Cake/Controller/Controller.php, line 485
Dispatcher::_invoke() - CORE/Cake/Routing/Dispatcher.php, line 186
Dispatcher::dispatch() - CORE/Cake/Routing/Dispatcher.php, line 161
[main] - APP/webroot/index.php, line 97

2013-05-01 02:41:07 Notice: Notice (8): Undefined index:  Item in [/home/proartis/public_html/web/app/Controller/ImagenesController.php, line 27]
Trace:
ImagenesController::editar() - APP/Controller/ImagenesController.php, line 27
ReflectionMethod::invokeArgs() - [internal], line ??
Controller::invokeAction() - CORE/Cake/Controller/Controller.php, line 485
Dispatcher::_invoke() - CORE/Cake/Routing/Dispatcher.php, line 186
Dispatcher::dispatch() - CORE/Cake/Routing/Dispatcher.php, line 161
[main] - APP/webroot/index.php, line 97

2013-05-01 02:41:07 Notice: Notice (8): Undefined variable: item_id in [/home/proartis/public_html/web/app/View/Imagenes/editar.ctp, line 44]
Trace:
include - APP/View/Imagenes/editar.ctp, line 44
View::_evaluate() - CORE/Cake/View/View.php, line 947
View::_render() - CORE/Cake/View/View.php, line 909
View::render() - CORE/Cake/View/View.php, line 470
Controller::render() - CORE/Cake/Controller/Controller.php, line 947
Dispatcher::_invoke() - CORE/Cake/Routing/Dispatcher.php, line 193
Dispatcher::dispatch() - CORE/Cake/Routing/Dispatcher.php, line 161
[main] - APP/webroot/index.php, line 97

2013-05-01 16:16:32 Notice: Notice (8): Undefined variable: data in [/home/proartis/public_html/web/app/Controller/ItemsController.php, line 61]
Trace:
ItemsController::editar() - APP/Controller/ItemsController.php, line 61
ReflectionMethod::invokeArgs() - [internal], line ??
Controller::invokeAction() - CORE/Cake/Controller/Controller.php, line 485
Dispatcher::_invoke() - CORE/Cake/Routing/Dispatcher.php, line 186
Dispatcher::dispatch() - CORE/Cake/Routing/Dispatcher.php, line 161
[main] - APP/webroot/index.php, line 97

2013-05-01 17:53:28 Notice: Notice (8): Undefined variable: username in [/home/proartis/public_html/web/app/View/Emails/html/activar.ctp, line 1]
Trace:
include - APP/View/Emails/html/activar.ctp, line 1
View::_evaluate() - CORE/Cake/View/View.php, line 947
View::_render() - CORE/Cake/View/View.php, line 909
View::render() - CORE/Cake/View/View.php, line 470
CakeEmail::_renderTemplates() - CORE/Cake/Network/Email/CakeEmail.php, line 1564
CakeEmail::_render() - CORE/Cake/Network/Email/CakeEmail.php, line 1431
CakeEmail::send() - CORE/Cake/Network/Email/CakeEmail.php, line 1063
ItemsController::admin_editar() - APP/Controller/ItemsController.php, line 122
ReflectionMethod::invokeArgs() - [internal], line ??
Controller::invokeAction() - CORE/Cake/Controller/Controller.php, line 485
Dispatcher::_invoke() - CORE/Cake/Routing/Dispatcher.php, line 186
Dispatcher::dispatch() - CORE/Cake/Routing/Dispatcher.php, line 161
[main] - APP/webroot/index.php, line 97

2013-05-01 18:03:39 Notice: Notice (8): Use of undefined constant debug - assumed 'debug' in [/home/proartis/public_html/web/app/Controller/ItemsController.php, line 102]
Trace:
ItemsController::editar() - APP/Controller/ItemsController.php, line 102
ReflectionMethod::invokeArgs() - [internal], line ??
Controller::invokeAction() - CORE/Cake/Controller/Controller.php, line 485
Dispatcher::_invoke() - CORE/Cake/Routing/Dispatcher.php, line 186
Dispatcher::dispatch() - CORE/Cake/Routing/Dispatcher.php, line 161
[main] - APP/webroot/index.php, line 97

2013-05-03 00:35:44 Notice: Notice (8): Use of undefined constant debug - assumed 'debug' in [/home/proartis/public_html/web/app/Controller/ImagenesController.php, line 11]
Trace:
ImagenesController::editar() - APP/Controller/ImagenesController.php, line 11
ReflectionMethod::invokeArgs() - [internal], line ??
Controller::invokeAction() - CORE/Cake/Controller/Controller.php, line 485
Dispatcher::_invoke() - CORE/Cake/Routing/Dispatcher.php, line 186
Dispatcher::dispatch() - CORE/Cake/Routing/Dispatcher.php, line 161
[main] - APP/webroot/index.php, line 97

2013-05-04 23:56:39 Notice: Notice (8): Use of undefined constant debug - assumed 'debug' in [/home/proartis/public_html/web/app/Controller/ImagenesController.php, line 12]
Trace:
ImagenesController::editar() - APP/Controller/ImagenesController.php, line 12
ReflectionMethod::invokeArgs() - [internal], line ??
Controller::invokeAction() - CORE/Cake/Controller/Controller.php, line 485
Dispatcher::_invoke() - CORE/Cake/Routing/Dispatcher.php, line 186
Dispatcher::dispatch() - CORE/Cake/Routing/Dispatcher.php, line 161
[main] - APP/webroot/index.php, line 97

2013-05-05 00:33:11 Notice: Notice (8): Undefined index:  Item in [/home/proartis/public_html/web/app/Controller/ImagenesController.php, line 8]
Trace:
ImagenesController::editar() - APP/Controller/ImagenesController.php, line 8
ReflectionMethod::invokeArgs() - [internal], line ??
Controller::invokeAction() - CORE/Cake/Controller/Controller.php, line 485
Dispatcher::_invoke() - CORE/Cake/Routing/Dispatcher.php, line 186
Dispatcher::dispatch() - CORE/Cake/Routing/Dispatcher.php, line 161
[main] - APP/webroot/index.php, line 97

2013-05-05 00:33:11 Notice: Notice (8): Use of undefined constant debug - assumed 'debug' in [/home/proartis/public_html/web/app/Controller/ImagenesController.php, line 8]
Trace:
ImagenesController::editar() - APP/Controller/ImagenesController.php, line 8
ReflectionMethod::invokeArgs() - [internal], line ??
Controller::invokeAction() - CORE/Cake/Controller/Controller.php, line 485
Dispatcher::_invoke() - CORE/Cake/Routing/Dispatcher.php, line 186
Dispatcher::dispatch() - CORE/Cake/Routing/Dispatcher.php, line 161
[main] - APP/webroot/index.php, line 97

2013-05-05 00:36:11 Notice: Notice (8): Use of undefined constant debug - assumed 'debug' in [/home/proartis/public_html/web/app/Controller/ImagenesController.php, line 8]
Trace:
ImagenesController::editar() - APP/Controller/ImagenesController.php, line 8
ReflectionMethod::invokeArgs() - [internal], line ??
Controller::invokeAction() - CORE/Cake/Controller/Controller.php, line 485
Dispatcher::_invoke() - CORE/Cake/Routing/Dispatcher.php, line 186
Dispatcher::dispatch() - CORE/Cake/Routing/Dispatcher.php, line 161
[main] - APP/webroot/index.php, line 97

2013-05-05 00:37:07 Notice: Notice (8): Undefined index:  Item in [/home/proartis/public_html/web/app/Controller/ImagenesController.php, line 8]
Trace:
ImagenesController::editar() - APP/Controller/ImagenesController.php, line 8
ReflectionMethod::invokeArgs() - [internal], line ??
Controller::invokeAction() - CORE/Cake/Controller/Controller.php, line 485
Dispatcher::_invoke() - CORE/Cake/Routing/Dispatcher.php, line 186
Dispatcher::dispatch() - CORE/Cake/Routing/Dispatcher.php, line 161
[main] - APP/webroot/index.php, line 97

2013-05-05 00:37:07 Notice: Notice (8): Use of undefined constant debug - assumed 'debug' in [/home/proartis/public_html/web/app/Controller/ImagenesController.php, line 8]
Trace:
ImagenesController::editar() - APP/Controller/ImagenesController.php, line 8
ReflectionMethod::invokeArgs() - [internal], line ??
Controller::invokeAction() - CORE/Cake/Controller/Controller.php, line 485
Dispatcher::_invoke() - CORE/Cake/Routing/Dispatcher.php, line 186
Dispatcher::dispatch() - CORE/Cake/Routing/Dispatcher.php, line 161
[main] - APP/webroot/index.php, line 97

2013-05-05 00:39:53 Notice: Notice (8): Undefined index:  error in [/home/proartis/public_html/web/app/Controller/ImagenesController.php, line 8]
Trace:
ImagenesController::editar() - APP/Controller/ImagenesController.php, line 8
ReflectionMethod::invokeArgs() - [internal], line ??
Controller::invokeAction() - CORE/Cake/Controller/Controller.php, line 485
Dispatcher::_invoke() - CORE/Cake/Routing/Dispatcher.php, line 186
Dispatcher::dispatch() - CORE/Cake/Routing/Dispatcher.php, line 161
[main] - APP/webroot/index.php, line 97

2013-05-05 00:39:53 Notice: Notice (8): Use of undefined constant debug - assumed 'debug' in [/home/proartis/public_html/web/app/Controller/ImagenesController.php, line 11]
Trace:
ImagenesController::editar() - APP/Controller/ImagenesController.php, line 11
ReflectionMethod::invokeArgs() - [internal], line ??
Controller::invokeAction() - CORE/Cake/Controller/Controller.php, line 485
Dispatcher::_invoke() - CORE/Cake/Routing/Dispatcher.php, line 186
Dispatcher::dispatch() - CORE/Cake/Routing/Dispatcher.php, line 161
[main] - APP/webroot/index.php, line 97

2013-05-05 01:04:16 Notice: Notice (8): Undefined index:  error in [/home/proartis/public_html/web/app/Controller/ImagenesController.php, line 8]
Trace:
ImagenesController::editar() - APP/Controller/ImagenesController.php, line 8
ReflectionMethod::invokeArgs() - [internal], line ??
Controller::invokeAction() - CORE/Cake/Controller/Controller.php, line 485
Dispatcher::_invoke() - CORE/Cake/Routing/Dispatcher.php, line 186
Dispatcher::dispatch() - CORE/Cake/Routing/Dispatcher.php, line 161
[main] - APP/webroot/index.php, line 97

2013-05-05 01:06:50 Notice: Notice (8): Undefined index:  error in [/home/proartis/public_html/web/app/Controller/ImagenesController.php, line 8]
Trace:
ImagenesController::editar() - APP/Controller/ImagenesController.php, line 8
ReflectionMethod::invokeArgs() - [internal], line ??
Controller::invokeAction() - CORE/Cake/Controller/Controller.php, line 485
Dispatcher::_invoke() - CORE/Cake/Routing/Dispatcher.php, line 186
Dispatcher::dispatch() - CORE/Cake/Routing/Dispatcher.php, line 161
[main] - APP/webroot/index.php, line 97

2013-05-05 01:26:13 Notice: Notice (8): Undefined index:  error in [/home/proartis/public_html/web/app/Controller/ImagenesController.php, line 8]
Trace:
ImagenesController::editar() - APP/Controller/ImagenesController.php, line 8
ReflectionMethod::invokeArgs() - [internal], line ??
Controller::invokeAction() - CORE/Cake/Controller/Controller.php, line 485
Dispatcher::_invoke() - CORE/Cake/Routing/Dispatcher.php, line 186
Dispatcher::dispatch() - CORE/Cake/Routing/Dispatcher.php, line 161
[main] - APP/webroot/index.php, line 97

2013-05-05 01:26:13 Notice: Notice (8): Undefined index:  error in [/home/proartis/public_html/web/app/Controller/ImagenesController.php, line 15]
Trace:
ImagenesController::editar() - APP/Controller/ImagenesController.php, line 15
ReflectionMethod::invokeArgs() - [internal], line ??
Controller::invokeAction() - CORE/Cake/Controller/Controller.php, line 485
Dispatcher::_invoke() - CORE/Cake/Routing/Dispatcher.php, line 186
Dispatcher::dispatch() - CORE/Cake/Routing/Dispatcher.php, line 161
[main] - APP/webroot/index.php, line 97

2013-05-05 05:53:50 Notice: Notice (8): Undefined variable: username in [/home/proartis/public_html/web/app/View/Emails/html/activar.ctp, line 1]
Trace:
include - APP/View/Emails/html/activar.ctp, line 1
View::_evaluate() - CORE/Cake/View/View.php, line 947
View::_render() - CORE/Cake/View/View.php, line 909
View::render() - CORE/Cake/View/View.php, line 470
CakeEmail::_renderTemplates() - CORE/Cake/Network/Email/CakeEmail.php, line 1564
CakeEmail::_render() - CORE/Cake/Network/Email/CakeEmail.php, line 1431
CakeEmail::send() - CORE/Cake/Network/Email/CakeEmail.php, line 1063
ItemsController::admin_editar() - APP/Controller/ItemsController.php, line 126
ReflectionMethod::invokeArgs() - [internal], line ??
Controller::invokeAction() - CORE/Cake/Controller/Controller.php, line 485
Dispatcher::_invoke() - CORE/Cake/Routing/Dispatcher.php, line 186
Dispatcher::dispatch() - CORE/Cake/Routing/Dispatcher.php, line 161
[main] - APP/webroot/index.php, line 97

